<?xml version="1.0" encoding="UTF-8"?>
<!-- Generated by org.testng.reporters.JUnitReportReporter -->
<testsuite hostname="DESKTOP-FF6Q8S9" failures="0" tests="2" name="com.orangeHRM.qa.tests.LoginPageTest" time="2.269" errors="0" timestamp="30 Dec 2020 23:04:07 GMT" skipped="0">
  <testcase classname="com.orangeHRM.qa.tests.LoginPageTest" name="loginTest" time="2.255"/>
  <testcase classname="com.orangeHRM.qa.tests.LoginPageTest" name="titleTest" time="0.014"/>
</testsuite> <!-- com.orangeHRM.qa.tests.LoginPageTest -->
